<?xml version="1.0" encoding="UTF-8"?>
<!-- Generated by org.testng.reporters.JUnitReportReporter -->
<testsuite hostname="LAPTOP-OO5J369G" failures="0" tests="2" name="com.deepfeed.qa.testcases.LoginPageTest" time="44.616" errors="0" timestamp="16 Jan 2024 05:27:12 GMT" skipped="0">
  <testcase classname="com.deepfeed.qa.testcases.LoginPageTest" name="LoginPageTitleTest" time="21.086"/>
  <testcase classname="com.deepfeed.qa.testcases.LoginPageTest" name="loginTest" time="23.530"/>
</testsuite> <!-- com.deepfeed.qa.testcases.LoginPageTest -->
