<?xml version="1.0" encoding="UTF-8"?>
<!-- Generated by org.testng.reporters.JUnitReportReporter -->
<testsuite hostname="LAPTOP-OO5J369G" failures="0" tests="2" name="com.deepfeed.qa.testcases.HomePageTest" time="50.689" errors="0" timestamp="16 Jan 2024 05:27:12 GMT" skipped="0">
  <testcase classname="com.deepfeed.qa.testcases.HomePageTest" name="verifyUsernameTes" time="26.800"/>
  <testcase classname="com.deepfeed.qa.testcases.HomePageTest" name="verifyHomepageTitleTest" time="23.889"/>
</testsuite> <!-- com.deepfeed.qa.testcases.HomePageTest -->
